IQ-TREE multicore version 1.5.5 for Mac OS X 64-bit built Feb  4 2018
Copyright (c) 2011-2017 by Bui Quang Minh, Nguyen Lam Tung,
Olga Chernomor, Heiko Schmidt, and Arndt von Haeseler.

Host:    Bizzle.wireless.yale.internal (AVX2, FMA3, 16 GB RAM)
Command: iqtree -s trimed_inout_TLR.fasta -spp trimed_inout_TLR.fasta.splits.nex -bb 1000 -nt AUTO
Seed:    644089 (Using SPRNG - Scalable Parallel Random Number Generator)
Time:    Mon Apr 22 14:48:11 2019
Kernel:  AVX+FMA - auto-detect threads (8 CPU cores detected)

Reading partition model file trimed_inout_TLR.fasta.splits.nex ...
Skipping unknown block (Taxa)...
Skipping unknown block (Splits)...
Reading alignment file trimed_inout_TLR.fasta ... Fasta format detected
Alignment most likely contains protein sequences
Alignment has 358 sequences with 135 columns and 135 patterns (120 informative sites, 5 constant sites)
WARNING: Some sequence names are changed as follows:
sp|B2KI57.1|TP8L2_RHIFE -> sp_B2KI57.1_TP8L2_RHIFE

                         Gap/Ambiguity  Composition  p-value
   1  NP_001307209.1             0.00%    passed     77.35%
   2  NP_001277092.1             0.00%    passed     99.99%
   3  NP_001277101.1             0.00%    passed     97.00%
   4  NP_001307210.1             0.00%    passed     97.20%
   5  NP_001307208.1             0.74%    passed     99.83%
   6  NP_001307211.1             0.00%    passed     37.83%
   7  NP_001277093.1             0.00%    passed     99.92%
   8  NP_001277098.1             0.00%    passed     99.88%
   9  NP_001277089.1             0.00%    passed     57.80%
  10  NP_001277090.1             0.00%    passed     84.14%
  11  XP_024900573.1             0.00%    passed     60.41%
  12  AMZ03373.1                 0.00%    passed     99.89%
  13  AMZ03370.1                 0.00%    passed     99.99%
  14  AMZ03367.1                 0.74%    passed     99.88%
  15  APR72783.1                 6.67%    passed     20.35%
  16  APR72782.1                 0.00%    passed     32.81%
  17  APR72781.1                 6.67%    passed     16.48%
  18  APR72780.1                 0.00%    passed     55.87%
  19  APR72779.1                 0.00%    passed     55.87%
  20  APR72778.1                10.37%    passed     27.37%
  21  APR72775.1                 3.70%    passed     99.90%
  22  APR72773.1                 3.70%    passed     99.98%
  23  APR72772.1                 3.70%    passed     99.95%
  24  APR72771.1                 3.70%    passed     99.63%
  25  APR72770.1                 0.00%    passed     99.97%
  26  APR72769.1                 0.00%    passed    100.00%
  27  APR72768.1                 0.00%    passed    100.00%
  28  APR72766.1                 0.00%    passed    100.00%
  29  APR72765.1                 0.00%    passed    100.00%
  30  APR72764.1                 0.00%    passed    100.00%
  31  APR72763.1                 0.00%    passed    100.00%
  32  APR72762.1                 0.00%    passed    100.00%
  33  APR72407.1                 0.00%    passed     99.92%
  34  APR72406.1                 0.00%    passed     99.68%
  35  APR72405.1                 0.00%    passed     99.70%
  36  APR72404.1                 0.00%    passed     99.18%
  37  APR72403.1                 0.00%    passed     99.33%
  38  APR72402.1                 0.00%    passed     99.88%
  39  APR72401.1                 0.00%    passed     99.92%
  40  AMZ03374.1                 0.00%    passed     92.63%
  41  AMZ03372.1                69.63%    passed     84.02%
  42  AMZ03371.1                74.07%    passed     73.04%
  43  AMZ03369.1                69.63%    passed     94.22%
  44  AMZ03368.1                69.63%    passed     94.22%
  45  AMZ03366.1                74.07%    passed     81.27%
  46  AMZ03365.1                74.07%    passed     83.55%
  47  AOC60648.1                 0.00%    passed     99.99%
  48  AOC60647.1                 0.00%    passed     99.91%
  49  AOC60646.1                 0.00%    passed     99.97%
  50  AOC60645.1                 0.00%    passed     99.91%
  51  AOC60644.1                 0.00%    passed     99.41%
  52  AOC60643.1                 0.00%    passed     99.97%
  53  AOC60642.1                 0.00%    passed     99.95%
  54  AOC60641.1                 0.00%    passed     99.75%
  55  AOC60640.1                 0.00%    passed     99.98%
  56  AOC60639.1                 0.00%    passed     99.50%
  57  AOC60638.1                 0.00%    passed     99.50%
  58  AOC60637.1                 0.00%    passed    100.00%
  59  AOC60636.1                 0.00%    passed    100.00%
  60  AOC60635.1                 0.00%    passed     99.94%
  61  AOC60634.1                 0.00%    passed     99.94%
  62  AOC60633.1                 0.00%    passed     99.96%
  63  ADO01610.1                 0.00%    passed     99.99%
  64  ADO01607.1                 0.00%    passed     77.35%
  65  ADO01606.1                 0.00%    passed     97.00%
  66  XP_024898085.1             0.74%    passed     99.83%
  67  XP_015450319.1             0.00%    passed     97.20%
  68  XP_015450318.1             0.00%    passed     97.20%
  69  XP_015448271.1             0.00%    passed     99.87%
  70  XP_015448270.1             0.00%    passed     99.87%
  71  XP_006906317.1             0.74%    passed     99.83%
  72  APR72777.1                28.15%    passed     99.98%
  73  APR72776.1                27.41%    passed     57.31%
  74  APR72774.1                28.15%    passed     99.90%
  75  APR72767.1                 0.00%    passed    100.00%
  76  ADO01612.1                 0.00%    passed     57.80%
  77  ADO01611.1                 0.00%    passed     37.83%
  78  ADO01609.1                 0.00%    passed     99.92%
  79  ADO01608.1                 0.00%    passed     97.20%
  80  ADO01605.1                 0.00%    passed     99.88%
  81  ADO01604.1                 0.74%    passed     99.83%
  82  ADO01603.1                 0.00%    passed     84.14%
  83  BAH02557.1                 0.00%    passed     50.78%
  84  BAH02556.1                 0.00%    passed    100.00%
  85  BAH02555.1                 0.00%    passed     99.21%
  86  XP_024429446.1             0.00%    passed     91.00%
  87  XP_024429444.1             0.00%    passed     98.94%
  88  XP_023389075.1             0.00%    passed     45.07%
  89  ATW00984.1                 0.00%    passed     88.67%
  90  ATW00983.1                 0.00%    passed     99.89%
  91  ATW00982.1                 0.00%    passed     99.99%
  92  ATW00981.1                 0.74%    passed     99.88%
  93  XP_008154798.1             0.00%    passed     99.94%
  94  XP_008148110.1             0.00%    passed     57.29%
  95  XP_024431750.1             0.00%    passed     94.80%
  96  XP_024430744.1             2.96%    passed     99.88%
  97  XP_024429636.1             0.00%    passed     97.53%
  98  XP_024425724.1             0.00%    passed     99.89%
  99  XP_024425638.1             0.00%    passed     99.99%
 100  XP_024425637.1             0.00%    passed     99.99%
 101  XP_024421674.1             0.00%    passed     92.63%
 102  XP_024421673.1             0.00%    passed     92.63%
 103  XP_024418466.1             0.74%    passed     99.88%
 104  XP_024418465.1             0.74%    passed     99.88%
 105  XP_024418464.1             0.74%    passed     99.88%
 106  XP_024418463.1             0.74%    passed     99.88%
 107  XP_024417891.1             8.89%    passed     75.05%
 108  XP_024417890.1             0.00%    passed     86.97%
 109  XP_023603048.1             0.00%    passed     24.05%
 110  XP_023612945.1            10.37%    passed     99.96%
 111  XP_023609502.1             0.00%    passed    100.00%
 112  XP_023609423.1             0.00%    passed     94.38%
 113  XP_023609422.1             0.00%    passed     99.04%
 114  XP_023619450.1             2.96%    passed     99.87%
 115  XP_023610977.1             0.74%    passed     99.82%
 116  XP_023610971.1             0.74%    passed     99.82%
 117  XP_006091147.1             0.00%    passed     95.79%
 118  XP_006088668.1             0.00%    passed    100.00%
 119  XP_011361215.1             0.00%    passed     99.99%
 120  XP_011361214.1             0.00%    passed     99.99%
 121  XP_011361213.1             0.00%    passed     99.99%
 122  XP_011359267.1             0.00%    passed     97.00%
 123  XP_011359155.1             0.00%    passed     80.98%
 124  XP_016076639.1             0.00%    passed     91.73%
 125  XP_016076638.1             0.00%    passed     91.73%
 126  XP_016066808.1             0.00%    passed     99.92%
 127  XP_016066807.1             0.00%    passed     99.92%
 128  XP_016066806.1             0.00%    passed     99.92%
 129  XP_015978184.1             0.00%    passed     96.88%
 130  XP_015978183.1             0.00%    passed     96.88%
 131  XP_015978182.1             0.00%    passed     96.88%
 132  XP_015978181.1             0.00%    passed     96.88%
 133  XP_015975010.1             0.00%    passed     99.83%
 134  XP_015975005.1             0.00%    passed     99.83%
 135  XP_015975001.1             0.00%    passed     99.83%
 136  XP_015974993.1             0.00%    passed     99.83%
 137  XP_015974986.1             0.00%    passed     99.83%
 138  XP_015974977.1             0.00%    passed     99.83%
 139  XP_015974968.1             0.00%    passed     99.83%
 140  XP_016007714.1             8.89%    passed     82.25%
 141  XP_016007706.1             8.89%    passed     82.25%
 142  XP_016007696.1             0.00%    passed     95.66%
 143  XP_015425387.1             0.00%    passed     96.08%
 144  XP_015419441.1             0.00%    passed    100.00%
 145  XP_015419440.1             0.00%    passed    100.00%
 146  XP_006763858.1             0.00%    passed    100.00%
 147  XP_014384419.1             0.00%    passed    100.00%
 148  XP_014384418.1             0.00%    passed    100.00%
 149  XP_014395423.1             0.00%    passed     70.41%
 150  XP_014395422.1             0.00%    passed     70.41%
 151  XP_014395421.1             0.00%    passed     70.41%
 152  XP_014395420.1             0.00%    passed     70.41%
 153  XP_014395419.1             0.00%    passed     70.41%
 154  XP_014395417.1             0.00%    passed     70.41%
 155  XP_005881009.1             0.00%    passed    100.00%
 156  XP_005880997.1             0.00%    passed     95.03%
 157  EPQ16884.1                 0.00%    passed    100.00%
 158  EPQ16880.1                 0.00%    passed     95.03%
 159  EPQ07938.1                 0.00%    passed     70.41%
 160  ELK30183.1                 0.00%    passed    100.00%
 161  ELK23363.1                 2.96%    passed     98.68%
 162  ELK17709.1                 0.00%    passed     99.99%
 163  ELK08897.1                 0.00%    passed     41.46%
 164  ELK08218.1                14.81%    passed     84.26%
 165  XP_028364050.1             0.00%    passed     59.94%
 166  XP_028363909.1             0.00%    passed     96.49%
 167  XP_028363908.1             0.00%    passed     96.49%
 168  XP_028363059.1             0.00%    passed     89.56%
 169  XP_028379290.1             0.00%    passed     99.60%
 170  XP_028378935.1             0.00%    passed     99.99%
 171  XP_028378555.1             2.96%    passed     79.75%
 172  XP_028382386.1             0.74%    passed     99.88%
 173  XP_028369613.1             0.00%    passed     31.08%
 174  XP_028387037.1             0.00%    passed     75.62%
 175  XP_028376194.1             0.74%    passed     99.81%
 176  XP_028374392.1             0.00%    passed     55.63%
 177  XP_028385115.1             0.00%    passed     32.38%
 178  XP_028360025.1             0.00%    failed      0.05%
 179  XP_008157403.2             2.96%    passed     99.94%
 180  XP_008150129.2             0.00%    passed     99.70%
 181  XP_028013824.1             0.00%    passed     57.29%
 182  XP_028013823.1             0.00%    passed     57.29%
 183  XP_027999467.1             0.00%    passed     99.19%
 184  XP_027999466.1             0.00%    passed     99.19%
 185  XP_008153288.2             0.00%    passed     16.77%
 186  XP_008153297.2             0.00%    passed     16.77%
 187  XP_008158733.1             0.00%    failed      0.15%
 188  XP_008155195.1             0.00%    failed      0.47%
 189  XP_008154799.1             0.00%    passed    100.00%
 190  XP_008150338.1             0.00%    passed     78.12%
 191  XP_008138581.1             0.00%    passed     73.82%
 192  XP_008138437.1             0.00%    passed     99.19%
 193  XP_008142370.1             0.74%    passed     99.76%
 194  XP_024905538.1             2.96%    passed     26.29%
 195  XP_024424941.1             0.74%    passed     99.61%
 196  XP_024423095.1             0.00%    failed      0.00%
 197  XP_023600720.1             1.48%    passed     54.51%
 198  XP_014314572.1             0.00%    passed     99.92%
 199  XP_006087587.2            11.11%    failed      0.14%
 200  XP_006094328.1             0.00%    failed      0.84%
 201  XP_023385943.1             0.74%    passed     99.10%
 202  XP_011383257.1             2.96%    passed     27.48%
 203  XP_011362944.1             0.00%    passed     45.07%
 204  XP_011362288.1             0.00%    passed     99.72%
 205  XP_011362287.1             0.00%    passed     99.72%
 206  XP_011361212.1             0.00%    passed    100.00%
 207  XP_011357663.1             0.74%    passed     99.10%
 208  XP_011357661.1             0.74%    passed     99.10%
 209  XP_011357660.1             0.74%    passed     99.10%
 210  XP_011364011.1             0.00%    passed     96.14%
 211  XP_011364002.1             0.00%    passed     96.14%
 212  XP_011363991.1             0.00%    passed     88.44%
 213  XP_011363982.1            17.78%    passed      8.84%
 214  XP_019486897.1             0.00%    passed     32.81%
 215  XP_019486895.1             0.00%    passed     32.81%
 216  XP_019522778.1             0.00%    passed     99.68%
 217  XP_019522777.1             0.00%    passed     99.68%
 218  XP_019522776.1             0.00%    passed     99.68%
 219  XP_019522775.1             0.00%    passed     99.68%
 220  XP_019522774.1             0.00%    passed     99.68%
 221  XP_019522773.1             0.00%    passed     99.68%
 222  XP_019506735.1             0.00%    passed    100.00%
 223  XP_019506734.1             0.00%    passed    100.00%
 224  XP_019506733.1             0.00%    passed     99.97%
 225  XP_019503824.1             0.00%    passed     85.33%
 226  XP_019503700.1             2.96%    passed     99.99%
 227  XP_019503699.1             2.96%    passed     99.99%
 228  XP_019503698.1             2.96%    passed     99.99%
 229  XP_019503697.1             2.96%    passed     99.99%
 230  XP_019503696.1             2.96%    passed     99.99%
 231  XP_019503695.1             2.96%    passed     99.99%
 232  XP_019503694.1             2.96%    passed     99.99%
 233  XP_019503693.1             2.96%    passed     99.99%
 234  XP_019503692.1             2.96%    passed     99.99%
 235  XP_019503691.1             2.96%    passed     99.99%
 236  XP_019503689.1             2.96%    passed     99.99%
 237  XP_019496781.1             0.74%    passed     98.46%
 238  XP_019496780.1             0.74%    passed     98.46%
 239  XP_019496779.1             0.74%    passed     98.46%
 240  XP_019496778.1             0.74%    passed     98.46%
 241  XP_019496777.1             0.74%    passed     98.46%
 242  XP_019496776.1             0.74%    passed     98.46%
 243  XP_019496775.1             0.74%    passed     98.46%
 244  XP_019496774.1             0.74%    passed     98.46%
 245  XP_019495211.1             0.00%    passed     88.33%
 246  XP_019495209.1             0.00%    passed     88.33%
 247  XP_019495208.1             0.00%    passed     88.33%
 248  XP_019495207.1             0.00%    passed     88.33%
 249  XP_019491619.1             0.00%    passed     47.28%
 250  XP_019491618.1             0.00%    passed     47.28%
 251  XP_019491617.1             0.00%    passed     47.28%
 252  XP_019491616.1             0.00%    passed     47.28%
 253  XP_019491542.1            29.63%    passed     68.94%
 254  XP_019491533.1             0.00%    passed     91.21%
 255  XP_016071121.1             0.00%    passed    100.00%
 256  XP_016069168.1             0.00%    passed     94.09%
 257  XP_016062734.1             2.96%    passed     87.01%
 258  XP_016058412.1             0.00%    passed     98.71%
 259  XP_016057935.1             0.00%    passed     24.65%
 260  XP_016055136.1             0.00%    failed      1.36%
 261  XP_016053252.1             0.74%    passed     99.11%
 262  XP_016075250.1             0.00%    failed      2.97%
 263  XP_016063339.1             0.00%    passed     96.90%
 264  XP_016061923.1             0.00%    passed     95.13%
 265  XP_016061915.1             0.00%    passed     95.13%
 266  XP_016061903.1             0.00%    passed     74.94%
 267  XP_016061897.1             0.00%    passed     74.94%
 268  XP_016061888.1             0.00%    passed     74.94%
 269  XP_015988692.1             0.00%    passed     50.78%
 270  XP_015988120.1             2.96%    passed     92.78%
 271  XP_016005870.1            50.37%    failed      0.02%
 272  XP_016000097.1             0.74%    passed     99.92%
 273  XP_016000096.1             0.74%    passed     99.92%
 274  XP_016000095.1             0.74%    passed     99.92%
 275  XP_016000094.1             0.74%    passed     99.92%
 276  XP_016000093.1             0.74%    passed     99.92%
 277  XP_016000092.1             0.74%    passed     99.92%
 278  XP_016000091.1             0.74%    passed     99.92%
 279  XP_015999411.1             0.00%    passed     99.41%
 280  XP_015999410.1             0.00%    passed     99.41%
 281  XP_015999409.1             0.00%    passed     99.41%
 282  XP_015999408.1             0.00%    passed     99.41%
 283  XP_015999407.1             0.00%    passed     99.41%
 284  XP_015999406.1             0.00%    passed     99.41%
 285  XP_015999405.1             0.00%    passed     99.41%
 286  XP_015996193.1             0.00%    passed     65.98%
 287  XP_015996192.1             0.00%    passed     65.98%
 288  XP_015996191.1             0.00%    passed     65.98%
 289  XP_015996190.1             0.00%    passed     60.59%
 290  XP_015996189.1             0.00%    passed     60.59%
 291  XP_015996188.1             0.00%    passed     60.59%
 292  XP_015996187.1             0.00%    passed     60.59%
 293  XP_015996185.1             0.00%    passed     60.59%
 294  XP_015996184.1             0.00%    passed     91.68%
 295  XP_015996183.1             0.00%    passed     91.68%
 296  XP_015996182.1             0.00%    passed     91.68%
 297  XP_015996181.1             0.00%    passed     91.68%
 298  XP_015996180.1             0.00%    passed     91.68%
 299  XP_015996179.1             0.00%    passed     91.68%
 300  XP_015975073.1             0.00%    passed    100.00%
 301  XP_015975065.1             0.00%    passed    100.00%
 302  XP_015423787.1            36.30%    passed      6.48%
 303  XP_006770169.2             0.74%    passed     99.82%
 304  XP_015419449.1             0.00%    passed    100.00%
 305  XP_015417855.1             0.00%    passed     37.47%
 306  XP_015417854.1             0.00%    passed     37.47%
 307  XP_015417853.1             0.00%    passed     37.47%
 308  XP_015416490.1             5.19%    passed     82.01%
 309  XP_015414941.1             0.00%    failed      0.30%
 310  XP_006754308.2             2.96%    passed     86.02%
 311  XP_006777760.1            56.30%    passed     41.51%
 312  XP_006761323.1             0.00%    passed     37.47%
 313  XP_006759401.1             8.15%    passed     93.89%
 314  XP_006777478.1             0.00%    failed      0.28%
 315  XP_006772771.1             0.00%    passed     99.92%
 316  XP_006772769.1             0.00%    passed     99.92%
 317  XP_006772768.1             0.00%    passed     99.92%
 318  XP_014385207.1            14.07%    passed     29.94%
 319  XP_005881008.2             0.00%    passed    100.00%
 320  XP_014384420.1             0.00%    passed    100.00%
 321  XP_014404205.1             0.00%    passed     95.59%
 322  XP_005877197.2             2.96%    passed     86.02%
 323  XP_014403943.1             2.96%    passed     86.02%
 324  XP_014403942.1             2.96%    passed     86.02%
 325  XP_014399389.1             0.74%    passed     99.82%
 326  XP_005857008.2             0.00%    failed      0.30%
 327  XP_005878466.1             0.00%    failed      0.67%
 328  XP_005877498.1             0.00%    passed     99.04%
 329  XP_005863158.1             0.00%    passed     99.92%
 330  XP_005863157.1             0.00%    passed     99.92%
 331  XP_005863156.1             0.00%    passed     99.92%
 332  EPQ17463.1                17.78%    passed     19.25%
 333  EPQ16883.1                 0.00%    passed    100.00%
 334  EPQ15238.1                 0.00%    failed      0.67%
 335  EPQ14694.1                 0.00%    passed     99.04%
 336  EPQ14693.1                 0.00%    passed     95.59%
 337  EPQ14497.1                 2.96%    passed     86.02%
 338  EPQ10918.1                 0.74%    passed     99.82%
 339  EPQ05808.1                 0.00%    passed     99.92%
 340  EPQ01888.1                 0.00%    failed      0.30%
 341  ELK37324.1                 2.96%    passed     86.02%
 342  ELK36781.1                48.15%    failed      0.10%
 343  ELK35500.1                 0.00%    failed      0.30%
 344  ELK33594.1                 8.15%    passed     93.89%
 345  ELK32148.1                 0.00%    passed     37.47%
 346  ELK30184.1                 0.00%    passed    100.00%
 347  ELK25354.1                37.78%    passed     93.85%
 348  ELK25079.1                13.33%    passed     15.61%
 349  ELK23529.1                27.41%    passed     14.20%
 350  ELK17710.1                 0.00%    passed    100.00%
 351  ELK17490.1                32.59%    passed     97.84%
 352  ELK15169.1                 0.00%    passed     60.41%
 353  ELK08977.1                77.04%    failed      3.40%
 354  ELK06424.1                18.52%    passed     62.28%
 355  ELK06423.1                 0.00%    passed     97.20%
 356  JAA49194.1                 0.00%    passed     86.97%
 357  sp_B2KI57.1_TP8L2_RHIFE   81.48%    failed      0.23%
 358  AAA59137.1                40.00%    failed      0.00%
WARNING: 10 sequences contain more than 50% gaps/ambiguity
****  TOTAL                      3.75%  20 sequences failed composition chi2 test (p-value<5%; df=19)
NOTE: No CharPartition defined, use all CharSets
ERROR: No partition found in SETS block. An example syntax looks like: 
#nexus
begin sets;
  charset part1=1-100;
  charset part2=101-300;
end;
